<?xml version="1.0" encoding="UTF-8"?>
<!-- Generated by org.testng.reporters.JUnitXMLReporter -->
<testsuite hostname="User-PC" ignored="0" name="Command line test" tests="3" failures="3" timestamp="17 Apr 2019 07:51:23 GMT" time="17.458" errors="0">
  <testcase name="verifyAgentTest" time="6.883" classname="com.ycc.test.AgentTest">
    <failure type="java.lang.NullPointerException">
      <![CDATA[java.lang.NullPointerException
at com.ycc.common.TestListner.afterInvocation(TestListner.java:20)
... Removed 33 stack frames]]>
    </failure>
  </testcase> <!-- verifyAgentTest -->
  <testcase name="veirfyCloneAgentSuccess" time="5.246" classname="com.ycc.test.CloneAgentTest">
    <failure type="java.lang.NullPointerException">
      <![CDATA[java.lang.NullPointerException
at com.ycc.common.TestListner.afterInvocation(TestListner.java:20)
... Removed 33 stack frames]]>
    </failure>
  </testcase> <!-- veirfyCloneAgentSuccess -->
  <testcase name="verifyLoginSuccessfull" time="5.299" classname="com.ycc.test.LoginTest">
    <failure type="java.lang.NullPointerException">
      <![CDATA[java.lang.NullPointerException
at com.ycc.common.TestListner.afterInvocation(TestListner.java:20)
... Removed 33 stack frames]]>
    </failure>
  </testcase> <!-- verifyLoginSuccessfull -->
</testsuite> <!-- Command line test -->
