<?xml version="1.0" encoding="UTF-8"?>
<testng-results skipped="0" failed="0" ignored="0" total="1" passed="1">
  <reporter-output>
  </reporter-output>
  <suite name="Failed suite [Default suite]" duration-ms="37988" started-at="2019-04-17T08:22:48Z" finished-at="2019-04-17T08:23:26Z">
    <groups>
    </groups>
    <test name="Default test(failed)" duration-ms="37988" started-at="2019-04-17T08:22:48Z" finished-at="2019-04-17T08:23:26Z">
      <class name="com.ycc.test.LoginTest">
        <test-method status="PASS" signature="verifyLoginSuccessfull()[pri:0, instance:com.ycc.test.LoginTest@4501b7af]" name="verifyLoginSuccessfull" duration-ms="37154" started-at="2019-04-17T08:22:48Z" finished-at="2019-04-17T08:23:25Z">
          <reporter-output>
          </reporter-output>
        </test-method> <!-- verifyLoginSuccessfull -->
      </class> <!-- com.ycc.test.LoginTest -->
    </test> <!-- Default test(failed) -->
  </suite> <!-- Failed suite [Default suite] -->
</testng-results>
