<?xml version="1.0" encoding="UTF-8"?>
<testng-results skipped="0" failed="0" ignored="0" total="1" passed="1">
  <reporter-output>
  </reporter-output>
  <suite name="Default suite" duration-ms="37645" started-at="2019-04-01T10:49:35Z" finished-at="2019-04-01T10:50:13Z">
    <groups>
    </groups>
    <test name="Default test" duration-ms="37645" started-at="2019-04-01T10:49:35Z" finished-at="2019-04-01T10:50:13Z">
      <class name="com.orangehrm.test.LoginTest">
        <test-method status="PASS" signature="verifySocialMediaLink()[pri:3, instance:com.orangehrm.test.LoginTest@46d56d67]" name="verifySocialMediaLink" duration-ms="34729" started-at="2019-04-01T10:49:35Z" finished-at="2019-04-01T10:50:10Z">
          <reporter-output>
          </reporter-output>
        </test-method> <!-- verifySocialMediaLink -->
      </class> <!-- com.orangehrm.test.LoginTest -->
    </test> <!-- Default test -->
  </suite> <!-- Default suite -->
</testng-results>
